<?xml version="1.0" encoding="UTF-8"?>
<!-- Generated by org.testng.reporters.JUnitReportReporter -->
<testsuite hostname="CNPGBGOKCEMU" failures="0" tests="4" name="login.LoginTests" time="4.429" errors="0" timestamp="2022-03-13T17:51:42 TRT" skipped="0">
  <testcase classname="login.LoginTests" name="testWrongPassword" time="0.976"/>
  <system-out/>
  <testcase classname="login.LoginTests" name="testWrongUsername" time="0.943"/>
  <system-out/>
  <testcase classname="login.LoginTests" name="testNullUsernameandPassword" time="1.538"/>
  <system-out/>
  <testcase classname="login.LoginTests" name="testSuccesfulLogin" time="0.972"/>
  <system-out/>
</testsuite> <!-- login.LoginTests -->
