<?xml version="1.0" encoding="UTF-8"?>
<!-- Generated by org.testng.reporters.JUnitReportReporter -->
<testsuite hostname="CNPGBGOKCEMU" failures="0" tests="1" name="forgotpassword.ForgotPasswordTests" time="0.826" errors="0" timestamp="2022-03-13T17:51:42 TRT" skipped="0">
  <testcase classname="forgotpassword.ForgotPasswordTests" name="testForgotPassword" time="0.826"/>
  <system-out/>
</testsuite> <!-- forgotpassword.ForgotPasswordTests -->
