<?xml version="1.0" encoding="UTF-8"?>
<!-- Generated by org.testng.reporters.JUnitReportReporter -->
<testsuite hostname="CNPGBGOKCEMU" failures="0" tests="1" name="logout.LogoutTests" time="1.543" errors="0" timestamp="2022-03-13T17:51:42 TRT" skipped="0">
  <testcase classname="logout.LogoutTests" name="testSuccessfulLogout" time="1.543"/>
  <system-out/>
</testsuite> <!-- logout.LogoutTests -->
