<?xml version="1.0" encoding="UTF-8"?>
<!-- Generated by org.testng.reporters.JUnitReportReporter -->
<testsuite hostname="CNPGBGOKCEMU" failures="0" tests="2" name="shiftingcontent.ShiftingContentTests" time="1.417" errors="0" timestamp="2022-03-13T17:51:42 TRT" skipped="0">
  <testcase classname="shiftingcontent.ShiftingContentTests" name="testMenuElements" time="0.534"/>
  <system-out/>
  <testcase classname="shiftingcontent.ShiftingContentTests" name="testMenuElementReturnHomePage" time="0.883"/>
  <system-out/>
</testsuite> <!-- shiftingcontent.ShiftingContentTests -->
