<?xml version="1.0" encoding="UTF-8"?>
<!-- Generated by org.testng.reporters.JUnitReportReporter -->
<testsuite hostname="CNPGBGOKCEMU" failures="0" tests="1" name="dropdown.DropdownTests" time="0.487" errors="0" timestamp="2022-03-13T17:51:42 TRT" skipped="0">
  <testcase classname="dropdown.DropdownTests" name="testSelectOption" time="0.487"/>
  <system-out/>
</testsuite> <!-- dropdown.DropdownTests -->
